<?xml version="1.0"?>
<newsList>
  <newsTimestamp>2018-07-30 08:05</newsTimestamp>
  <!-- KOSOVË -->
  <news sliderMobi="true" ioswidget="true">
    <articleURI><![CDATA[https://www.evropaelire.org/a/gara-per-kryetarin-e-ri-te-ldk-/29396849.html]]></articleURI>
    <title><![CDATA[Gara për kryetarin e ri të LDK-së]]></title>
    <imageURI><![CDATA[27 - ldk1st.jpg]]></imageURI>
    <description><![CDATA[Lidhja Demokratike e Kosovës, aktualisht partia më e madhe opozitare, është edhe më e zëshmja kur është në pyetje kundërshtimi i politikave qeverisëse në vend. Po ashtu, LDK në disa raste, të paktën deklarativisht ka kërkuar që vendi sa më shpejt të shkojë në zgjedhje të parakohshme, duke kontestuar legjitimitetin e Qeverisë aktuale, e cila udhëhiqet nga kryeministri Ramush Haradinaj. Përderisa është e zëshme në kërkesën për zgjedhje, LDK nuk ka në plan që të thërras ndonjë proces të shpejtë për zgjedhje brenda partiake. Analistët politikë parashikojnë një garë më të ashpër zgjedhore brenda këtij subjekti politik, ndërkohë që zyrtarët e LDK-së po presin që procesi të zhvillohet sipas kalendarit partiak. ....]]></description>
    <imageCredit><![CDATA[....]]></imageCredit>
    <sourceName><![CDATA[Radio Evropa e Lirë]]></sourceName>
    <sourceImageURI><![CDATA[/news/media-logos/rel.png]]></sourceImageURI>
    <timeUpdated><![CDATA[07291152]]></timeUpdated>
    <webTooltip><![CDATA[]]></webTooltip>
    <webURI><![CDATA[]]></webURI>
    <photoTooltip><![CDATA[]]></photoTooltip>
    <photoURI><![CDATA[]]></photoURI>
  </news>
  <news sliderMobi="true" ioswidget="true">
    <articleURI><![CDATA[https://www.evropaelire.org/a/gara-per-kryetarin-e-ri-te-ldk-/29396849.html]]></articleURI>
    <title><![CDATA[Gara për kryetarin e ri të LDK-së]]></title>
    <imageURI><![CDATA[2 - ldk1st.jpg]]></imageURI>
    <description><![CDATA[Lidhja Demokratike e Kosovës, aktualisht partia më e madhe opozitare, është edhe më e zëshmja kur është në pyetje kundërshtimi i politikave qeverisëse në vend. Po ashtu, LDK në disa raste, të paktën deklarativisht ka kërkuar që vendi sa më shpejt të shkojë në zgjedhje të parakohshme, duke kontestuar legjitimitetin e Qeverisë aktuale, e cila udhëhiqet nga kryeministri Ramush Haradinaj. Përderisa është e zëshme në kërkesën për zgjedhje, LDK nuk ka në plan që të thërras ndonjë proces të shpejtë për zgjedhje brenda partiake. Analistët politikë parashikojnë një garë më të ashpër zgjedhore brenda këtij subjekti politik, ndërkohë që zyrtarët e LDK-së po presin që procesi të zhvillohet sipas kalendarit partiak. ....]]></description>
    <imageCredit><![CDATA[....]]></imageCredit>
    <sourceName><![CDATA[Radio Evropa e Lirë]]></sourceName>
    <sourceImageURI><![CDATA[/news/media-logos/rel.png]]></sourceImageURI>
    <timeUpdated><![CDATA[07291152]]></timeUpdated>
    <webTooltip><![CDATA[2]]></webTooltip>
    <webURI><![CDATA[]]></webURI>
    <photoTooltip><![CDATA[2]]></photoTooltip>
    <photoURI><![CDATA[]]></photoURI>
  </news>
  <news sliderMobi="true" ioswidget="false">
    <articleURI><![CDATA[http://klankosova.tv/serbia-nis-mbledhjen-e-nenshkrimeve-per-ta-penguar-anetaresimin-e-kosoves-ne-okb/]]></articleURI>
    <title><![CDATA[Serbia nis mbledhjen e nënshkrimeve për ta penguar anëtarësimin e Kosovës në OKB]]></title>
    <imageURI>unGeneralAsmb.jpg</imageURI>
    <description><![CDATA[Mundësia që pas marrëveshjes përfundimtare mes Serbisë dhe Kosovës, kësaj të fundit t’i mundësohet anëtarësimi në OKB pa u penguar nga Beogradi, ka alarmuar partitë opozitare atje. Përmes një iniciative të nisur nga lideri i Partisë Popullore, njëherit edhe ish-ministër i Jashtëm i Serbisë, Vuk Jeremiq, ka filluar mbledhja e nënshkrimeve për të mos lejuar që Kosova të fitojë ulësen në Organizatën e Kombeve të Bashkuara, transmeton Klan Kosova. Duke bërë thirrje që kësaj iniciative t’i bashkangjiten sa më shumë njerëz, Jeremiq thotë se presidenti i Serbisë, Aleksander Vuçiq po negocion që Kosova të fitojë anëtarësimin në Organizata Ndërkombëtare. ”I vetmi që ka në interes të tij për të dialoguar statusin e Kosovës është presidenti Aleksander Vuçiq, sepse ai është i gatshëm të vendosë nënshkrimin e tij për t’i mundësuar Kosovës anëtarësimin në OKB”, deklaroi Jeremiq shkrua Sputnik, transmeton Klan Kosova.....]]></description>
    <imageCredit><![CDATA[....]]></imageCredit>
    <sourceName><![CDATA[Klan Kosova]]></sourceName>
    <sourceImageURI>/news/media-logos/klanks.png</sourceImageURI>
    <timeUpdated><![CDATA[07290802]]></timeUpdated>
  </news>
  <news sliderMobi="true" ioswidget="true">
    <articleURI><![CDATA[https://kallxo.com/agim-ceku-i-raporton-haradinajt-kam-dale-ne-tv/]]></articleURI>
    <title><![CDATA[Agim Çeku i raporton Haradinajt: Kam dalë në TV]]></title>
    <imageURI>agimC1.jpg</imageURI>
    <description><![CDATA[Zëvendësministri i FSK-së, Agim Çeku i ka raportuar Kryeministrit edhe intervistat e tij në media. Madje ai këtij raporti ia ka bashkangjitur edhe fotografitë e paraqitjeve të tij mediale. Një ndër to është edhe intervista dhënë në një medium lokal në gjuhën serbe, për të cilën ai thotë se ka zgjatur një orë dhe se është ritransmetuar në shumë mediume tjera në gjuhën serbe në Kosovë dhe Serbi. “… komentet dhe kritikat kanë qenë pozitive brenda komuniteti serb. Vlen të ceket se gjatë intervistës ju kam bërë ftesë qytetarëve serb të Kosovës që t’i bashkohen FSK-së dhe menjëherë kemi pas një interesim të madh të qytetarëve serb për tu anëtarësuar në FSK që ka rezultuar me pranimin e 35 pjesëtareve të komunitetit serb nga veriu i Kosovës”, shkruan ish kryeministri i Kosovës, në raportin me shumë gabime drejtshkrimore.]]></description>
    <imageCredit><![CDATA[FOTO: Kallxo.com]]></imageCredit>
    <sourceName><![CDATA[Kallxo.com]]></sourceName>
    <sourceImageURI>/news/media-logos/kallxo.png</sourceImageURI>
    <timeUpdated><![CDATA[07291827]]></timeUpdated>
  </news>
  <news sliderMobi="true" ioswidget="false">
    <articleURI><![CDATA[https://kallxo.com/zevendesministri-i-raporton-haradinajt-jam-taku-me-ty/]]></articleURI>
    <title><![CDATA[Zëvendësministri i raporton Haradinajt: Jam taku me Ty!]]></title>
    <imageURI>besnikBeka0.jpg</imageURI>
    <description><![CDATA[Ish-zëvendësministri i Zhvillimit Ekonomik, Besnik Beka në raportin 9 faqësh të punës së tij, dy faqe ka listuar pikat e rendit të një mbledhje të Qeverisë ku ai kishte marrë pjesë.]]></description>
    <imageCredit><![CDATA[FOTO: Kallxo.com]]></imageCredit>
    <sourceName><![CDATA[Kallxo.com]]></sourceName>
    <sourceImageURI>/news/media-logos/kallxo.png</sourceImageURI>
    <timeUpdated><![CDATA[07291824]]></timeUpdated>
  </news>
  <news sliderMobi="true" ioswidget="false">
    <articleURI><![CDATA[http://www.ekonomiaonline.com/nacionale/berisha-sduhet-te-kete-batalion-te-vecante-per-veriun-misioni-i-fsk-se-te-ndryshohet-me-ligj/]]></articleURI>
    <title><![CDATA[Ministri i FSK-së: S’duhet të ketë batalion të veçantë për veriun, misioni i FSK-së të ndryshohet me ligj]]></title>
    <imageURI>fsk3eudfhc.jpg</imageURI>
    <description><![CDATA[Transformimi i Forcës së Sigurisë së Kosovës (FSK) në ushtrinë e ardhshme të vendit po i krijon probleme edhe Qeverisë aktuale. Ndonëse u premtua edhe nga vet kryeministri Ramush Haradinaj se Kosova do të bëhet me ushtri brenda viti, ky premtim duket i pa realizueshëm.Kjo ngase Qeverisë po i del pengesë me partneri e koalicionit Listën Serbe, që për çështje madhore merr urdhra direkt nga Beogradi, raporton Ekonomia Online.Ndryshimet kushtetuese janë të domosdoshme që FSK nga një force e reagimeve emergjente të shndërrohet në një forcë me kapacitete dhe mision ushtarak apo mbrojtës.Por, këto ndryshime aktualisht po i mbajnë peng deputetët e Listës Serbe, pa shumicën e votave të të cilëve, amendamentimet kushtetuese janë të pamundshme. ....]]></description>
    <imageCredit><![CDATA[....]]></imageCredit>
    <sourceName><![CDATA[Ekonomia Online]]></sourceName>
    <sourceImageURI>/news/media-logos/eo.png</sourceImageURI>
    <timeUpdated><![CDATA[07291221]]></timeUpdated>
    <videoTooltip><![CDATA[VIDEO - Intervistë me ministrin e FSK-së]]></videoTooltip>
    <videoURI><![CDATA[https://vimeo.com/282164999]]></videoURI>
  </news>
  <news sliderMobi="true" ioswidget="true">
    <articleURI><![CDATA[https://www.gazetaexpress.com/lajme/rrefimi-per-vrasjen-22-vjecarit-familja-e-vrasesit-thone-se-gjithcka-ndodhi-aksidentalisht-562904/]]></articleURI>
    <title><![CDATA[Rrëfimi për vrasjen e 22 vjeçarit në Bresalc të Gjilan – familja e vrasësit thonë se gjithçka ndodhi aksidentalisht]]></title>
    <imageURI>gjilan3eurfhgv.jpg</imageURI>
    <description><![CDATA[Trupi i pajetë i Fatlind Arifit, 22-vjeç ishte gjetur 100 metra larg shtëpisë së tij. Ai mbrëmë u qëllua me një plumb në vendin e quajtur 'Te Lapidari', në fshatin Bresalc të Gjilanit. Dyshohet se vrasësi i Fatlindit ishte Liridoni, 26-vjeç, i arrestuar nga Policia. Familja e viktimës thonë se nuk i dinë motivet e kësaj ngjarjeje. Ndërkohë, familja e të dyshuarit thonë se vrasja ka ndodhur aksidentalisht. Gazeta Express ju sjellë rrëfimin nga fshati Bresalc ....]]></description>
    <imageCredit><![CDATA[Viktima dhe i dyshuari]]></imageCredit>
    <sourceName><![CDATA[Gazeta Express]]></sourceName>
    <sourceImageURI>/news/media-logos/express.png</sourceImageURI>
    <timeUpdated><![CDATA[07291139]]></timeUpdated>
  </news>
  <news sliderMobi="true" ioswidget="false">
    <articleURI><![CDATA[https://kallxo.com/zevendesministri-i-ankohet-kryeministrit-nuk-kam-bashkepunim-me-ministrin-abelard-tahiri/]]></articleURI>
    <title><![CDATA[Zëvendësministri i ankohet kryeministrit: Nuk kam bashkëpunim me Ministrin Abelard Tahiri]]></title>
    <imageURI>dosja3erfxsa.jpg</imageURI>
    <description><![CDATA[Zëvendësministri i drejtësisë, Naim Qelaj, në raportin 100 ditor të punës, të cilin ia ka dërguar Kryeministrit, në një faqe të veçantë i ankohet për mungesën e bashkëpunimit me ministrin dhe ka kërkuar mbështetjen e Haradinajt. “Që nga emërimi në këtë pozitë, jam trajtuar me shumë respekt si nga Ministri, anëtarët e kabinetit dhe stafi tjetër i ministrisë. Por, ajo që nuk ka ndodhur është bashkëpunimi, të cilin unë me aq ngulm e kam kërkuar. Nuk e di arsyen pse ka ndodhur kjo”, thotë Qelaj. Ai thotë se përveç emërimit si Koordinator Nacional Kundër Dhunës në Familje, që automatikisht i takon zv. Ministrit të Drejtësisë dhe prezantimit në mbledhjet e Qeverisë kur mungon Ministri, nuk i është ndarë asnjë sektor që ta udhëheqë apo nuk i është caktuar të jetë pjesë e ndonjë grupi, që siç thotë të jap kontributin e tij. ....]]></description>
    <imageCredit><![CDATA[Zëvendësministri i drejtësisë, Naim Qelaj.]]></imageCredit>
    <sourceName><![CDATA[Kallxo.com]]></sourceName>
    <sourceImageURI>/news/media-logos/kallxo.png</sourceImageURI>
    <timeUpdated><![CDATA[07290937]]></timeUpdated>
  </news>
  <!-- SHQIPËRI / MAQEDONI -->
  <news sliderMobi="true" ioswidget="false">
    <articleURI><![CDATA[https://www.vizionplus.tv/rama-i-pergjigjet-pd-per-vettingun/]]></articleURI>
    <title><![CDATA[Rama i përgjigjet PD: Vettingu si ilaç gjarpërinjsh ]]></title>
    <imageURI>rama0729.jpg</imageURI>
    <description><![CDATA[Kryeministri Edi Rama i është përgjigjur Partisë Demokratike në lidhje me akuzat e saj në lidhje me vettingun. Përmes një statusi në rrjetet sociale Rama shkruan se Vettingu është si ilaç gjarpërinjsh dhe opozita me libër shpie kundër vettingut. “Vetingu si ilaç gjarpërinjsh dhe opozita me libër shtëpie kundër Vettingut si Fronti i dikurshëm Demokratik i lagjes!Në vend të Letrave Anonime janë shpifjet dixhitale të Saliut. Në vend të Këndit të Fletërrufeve janë recituesit e Lulit.Në vend të kryetarit është vetë Luli.” ....]]></description>
    <imageCredit><![CDATA[....]]></imageCredit>
    <sourceName><![CDATA[Vizion Plus]]></sourceName>
    <sourceImageURI>/news/media-logos/vizionplus.png</sourceImageURI>
    <timeUpdated><![CDATA[07290955]]></timeUpdated>
  </news>
  <news sliderMobi="true" ioswidget="false">
    <articleURI><![CDATA[https://www.vizionplus.tv/basha-kush-e-gjen-gjeagjezen-e-edvingut-fiton-nje-toyota-yaris/]]></articleURI>
    <title><![CDATA[Basha: Kush e gjen gjëagjëzën e Edvingut, fiton një Toyota Yaris]]></title>
    <imageURI>wiedhwjkedhs.jpg</imageURI>
    <description><![CDATA[Menjëherë pas reagimit të kryeministrit Rama në rrjetet sociale  për vettingun vjen reagimi i kreut të demokratëve Lulzim Basha. Basha përmes një postimi në profilin e tij Facebook, si vazhdim të ironisë, thotë se kush e gjen gjëagjëzën e postuar nga ai në rrjetin social Facebook, fiton një Toyota Yaris. “Gjëagjëzë Edvingu: Kush i lidh e i mban bashkë: një trafikant të dënuar droge me vëllain Ministër të Brendshëm PLUS një gjyqtar që e shpëton nga ekstradimi ortakun e trafikantit të drogës PLUS komisionerët e vettingut që e shpallin këtë gjyqtar të përshtatshëm për të vazhduar detyrën?! Kush gjen përgjigjen e saktë, fiton Toyota Yaris.” ....]]></description>
    <imageCredit><![CDATA[....]]></imageCredit>
    <sourceName><![CDATA[Vizion Plus]]></sourceName>
    <sourceImageURI>/news/media-logos/vizionplus.png</sourceImageURI>
    <timeUpdated><![CDATA[07290955]]></timeUpdated>
  </news>
  <news sliderMobi="true" ioswidget="false">
    <articleURI><![CDATA[https://ata.gov.al/2018/07/29/mbi-400-kompani-turke-veprojne-ne-shqiperi-me-3-miliarde-dollare-investime/]]></articleURI>
    <title><![CDATA[Mbi 400 kompani turke veprojnë në Shqipëri, me 3 miliardë dollarë investime]]></title>
    <imageURI>ambasadori3wehdc.jpg</imageURI>
    <description><![CDATA[Aktualisht janë më shumë se 400 kompani turke që veprojnë në Shqipëri si, në fushën e energjisë, minierave, telekomunikacionit, tekstileve, sistemin bankar, logjistikë dhe shëndetësi. Numri i të punësuarve në to është më shumë se 15 000 vetë. Ambasadori i Republikës së Turqisë në Tiranë, Murat Ahmet Yörük u shpreh në një intervistë për Agjencinë Telegrafike Shqiptare se, “marrëdhëniet ekonomike dhe tregtare mes dy vendeve zënë një vend të rëndësishëm në marrëdhëniet dypalëshe”. “Vlera e përgjithshme e investimeve të sektorit privat turk në Shqipëri është afër 3 miliardë dollarë. Ndërsa vëllimi ynë tregtar në vitin 2017 ishte rreth 450 milionë dollarë. Por ne nuk i konsiderojmë të mjaftueshme këto shifra si në investime, ashtu edhe në vëllimin tregtar dypalësh”, – tha Yörük. ....]]></description>
    <imageCredit><![CDATA[Ambasadori i Republikës së Turqisë në Tiranë, Murat Ahmet Yoruk.]]></imageCredit>
    <sourceName><![CDATA[ATSH]]></sourceName>
    <sourceImageURI>/news/media-logos/atsh.png</sourceImageURI>
    <timeUpdated><![CDATA[07291208]]></timeUpdated>
  </news>
  <news sliderMobi="true" ioswidget="false">
    <articleURI><![CDATA[https://www.vizionplus.tv/maqedoni-te-henen-shpallet-referendumi-per-emrin/]]></articleURI>
    <title><![CDATA[Maqedoni, të hënën shpallet referendumi për emrin]]></title>
    <imageURI>mac3eidrufh.jpg</imageURI>
    <description><![CDATA[Kreu i Kuvendit Talat Xhaferi pritet që këtë të hënë të shpallë datën e referendumit menjëherë pasi të jenë betuar anëtarët e rinj të KSHZ-së. Ndërkohë që referendumi për emrin pritet të mbahet më 30 shtator, pushteti dhe VMRO DPMNE-ja opozitare duket se akoma janë larg marrëveshjes për përmbajtjen e pyetjes së referendumit. Partia e Mickovskit insiston se pyetja duhet te jetë e thjeshtë dhe me një kuptim. Nënkryetari i VMRO-së Aleksandër Nikollovski në intervistë për Evropën e Lirë tha se cilado pyetje që pos Marrëveshjes me Greqinë, do të përfshijë edhe integrimin në NATO dhe BE është kundër-kushtetuese. ....]]></description>
    <imageCredit><![CDATA[FOTO: Vedat Abdul / Anadalu Agency / Getty Images]]></imageCredit>
    <sourceName><![CDATA[Vizion Plus]]></sourceName>
    <sourceImageURI>/news/media-logos/vizionplus.png</sourceImageURI>
    <timeUpdated><![CDATA[07291314]]></timeUpdated>
  </news>
  <!-- BOTË -->
  <news sliderMobi="true" ioswidget="false">
    <articleURI><![CDATA[https://www.zeriamerikes.com/a/trump-mexico-wall/4504717.html]]></articleURI>
    <title><![CDATA[Trump kërcënon me mbylljen e qeverisë, nëse Kongresi nuk miraton financimin e murit të Meksikës]]></title>
    <imageURI>wallTrump.jpg</imageURI>
    <description><![CDATA[Presidenti Donald Trump sot kërcënoi se do ta mbyllë qeverinë, në se Kongresi nuk miraton financimin për ndërtimin e një muri përgjatë kufirit me Meksikën, me synimin për të penguar imigracionin e paligjshëm. Udhëheqësi amerikan tha se “demokratët e opozitës duhet t’i japin votat e nevojshme për sigurinë në kufi, ku përfshihet Muri!” dhe për ndryshime të tjera të politikës së imigracionit. Por ligjvënësit republikanë kanë qenë të ndarë për ndryshimin e politikave të imigracionit, duke i hedhur poshtë dy herë javët e fundit propozimet e presidentit për këtë çështje, sikurse edhe opozita e unifikuar demokrate.....]]></description>
    <imageCredit><![CDATA[FOTO: Mario Tama / Getty Images]]></imageCredit>
    <sourceName><![CDATA[Zëri i Amerikës]]></sourceName>
    <sourceImageURI>/news/media-logos/voa.png</sourceImageURI>
    <timeUpdated><![CDATA[07291143]]></timeUpdated>
  </news>
  <news sliderMobi="true" ioswidget="false">
    <articleURI><![CDATA[https://www.evropaelire.org/a/29396460.html]]></articleURI>
    <title><![CDATA[Beograd: Vritet avokati që mbrojti Millosheviqin]]></title>
    <imageURI>serbianPolice.jpg</imageURI>
    <description><![CDATA[Është qëlluar për vdekje në Beograd një avokat që dikur ka qenë pjesë e ekipit mbrojtës të ish-liderit serb, Sllobodan Millosheviq gjatë gjykimit të këtij të fundit për krime lufte. Dragoslav Ognjanoviq, 57-vjeç, është vrarë jashtë ndërtesës ku jetonte në Beograd në orët e vona të 28 korrikut, ka njoftuar Ministria e Brendshme serbe. Kjo Ministri, përmes një deklarate, ka thënë se edhe djali 26-vjeçar i avokatit Ognjanoviq, është plagosur me armë zjarri në krahë. Policia ende është duke kërkuar për sulmuesin dhe nuk ka informacione për motivin e këtij sulmi. ....]]></description>
    <imageCredit><![CDATA[....]]></imageCredit>
    <sourceName><![CDATA[Radio Evropa e Lirë]]></sourceName>
    <sourceImageURI>/news/media-logos/rel.png</sourceImageURI>
    <timeUpdated><![CDATA[07291129]]></timeUpdated>
  </news>
  <news sliderMobi="true" ioswidget="false">
    <articleURI><![CDATA[https://www.aa.com.tr/sq/bota/shba-n%C3%AB-vend-t%C3%AB-portretit-t%C3%AB-trumpit-vendoset-ai-i-putinit-/1217206]]></articleURI>
    <title><![CDATA[SHBA, në vend të portretit të Trumpit vendoset ai i Putinit]]></title>
    <imageURI>putinwh.jpg</imageURI>
    <description><![CDATA[Në ndërtesën qeveritare në shtetin Colorado të SHBA-ve, një person me identitet të panjohur përpara murit ku ndodheshin portretet e ish presidentëve të shtetit, vendosi portretin e presidentit të Rusisë Vladimir Putin, transmeton Anadolu Agency (AA). Sipas lajmit të CNN, një person me identitet të panjohur në vendin e ndarë për presidentin e SHBA-ve Donald Trump, afër pikturave të ish presidentëve të SHBA-ve George W. Bush dhe Barack Obama, me një këmbalec piktori ka vendosur portretin e presidentit rus Putin.  ....]]></description>
    <imageCredit><![CDATA[....]]></imageCredit>
    <sourceName><![CDATA[Anadalu Agency]]></sourceName>
    <sourceImageURI>/news/media-logos/aa.png</sourceImageURI>
    <timeUpdated><![CDATA[07291205]]></timeUpdated>
  </news>
  <!-- SHOWBIZ / SCIENCE / TECHNOLOGY / LIFESTYLE / SPORT-->
  <news sliderMobi="true" ioswidget="false">
    <articleURI><![CDATA[https://www.evropaelire.org/a/29398030.html]]></articleURI>
    <title><![CDATA[Ndahet nga jeta regjisori Bekim Lumi]]></title>
    <imageURI>regjisoriBekimLumi.jpg</imageURI>
    <description><![CDATA[Pas një sëmundjeje të rëndë, në moshën 51-vjeçare, ka ndërruar jetë regjisori nga Kosova, Bekim Lumi. Regjisori Lumi ishte profesor në Fakultetin e Arteve në Prishtinë, ndërkohë që në skenat e teatrove ka ngritur një numër shfaqjesh të suksesshme. Në qershor të këtij viti, regjisori Lumi, vuri në skenë shfaqjen e tij të fundit, “Arturo Ui” të autorit Bertolt Brecht. I ndjeri Lumi, për disa vite, punoi edhe si korrespondent nga Kosova i Radios Evropa e Lirë.....]]></description>
    <imageCredit><![CDATA[Regjisori nga Kosova, Bekim Lumi.]]></imageCredit>
    <sourceName><![CDATA[Radio Evropa e Lirë]]></sourceName>
    <sourceImageURI>/news/media-logos/rel.png</sourceImageURI>
    <timeUpdated><![CDATA[07300802]]></timeUpdated>
  </news>
  <news sliderMobi="true" ioswidget="true">
    <articleURI><![CDATA[http://top-channel.tv/2018/07/29/billboard-perzgjedh-videoklipet-e-shekullit/]]></articleURI>
    <title><![CDATA[“Billboard” përzgjedh videoklipet e shekullit, Dua Lipa me “New Rules” në vendin e 74-të]]></title>
    <imageURI>dualipa2wuedhfc.jpg</imageURI>
    <description><![CDATA[Në epokën e internetit, videoklipet e këngëve nuk e kanë humbur rëndësinë. Revista amerikane “Billboard” rendit 100 videoklipet muzikore më të bukura të shekullit 21, me artistët që kanë thyer kufirin dixhital për kulturën pop. Beyoncé, Eminem e Madonna, dhe padyshim Lady Gaga, janë pjesë e klasifikimit, por kjo e fundit për më tepër me meritën se solli kinemanë në muzikë. “Bad romance” shpallet nga “Billboard” si video më e mirë muzikore e shekullit, sepse inauguroi një epokë të re muzikore, që sipas revistës tregoi se koncepti i një videoklipi mund të zgjerohet dhe mund të tregojë një histori, njëjtë si një film me metrazh të shkurtër.. ....]]></description>
    <imageCredit><![CDATA[....]]></imageCredit>
    <sourceName><![CDATA[Top Channel]]></sourceName>
    <sourceImageURI>/news/media-logos/tch.png</sourceImageURI>
    <timeUpdated><![CDATA[07291008]]></timeUpdated>
    <webTooltip><![CDATA[Lista e plotë e videoklipve të shekullit nga Billboard]]></webTooltip>
    <webURI><![CDATA[https://www.billboard.com/articles/news/list/8466543/100-greatest-music-videos-of-the-21st-century]]></webURI>
  </news>
  <news sliderMobi="true" ioswidget="true">
    <articleURI><![CDATA[http://top-channel.tv/2018/07/29/kosova-iken-nga-shkodra-gati-stadiumi-fadil-vokrri/]]></articleURI>
    <title><![CDATA[Kosova ikën nga Shkodra, gati stadiumi “Fadil Vokrri”]]></title>
    <imageURI>fadilVokrriStadium.jpg</imageURI>
    <description><![CDATA[“Loro Boriçi” nuk do të jetë më stadiumi ku Kosova do të zhvillojë ndeshjet si miqësore, por edhe zyrtare. E gjitha kjo pasi stadiumi me emrin e ri “Fadil Vokrri” është thuajse gati, madje një natë më parë është zhvilluar edhe testi i fundit para ndeshjes së parë. Stadiumi ka marrë formë dhe është gati të presë ndeshje edhe gjatë mbrëmjes, pasi është testuar edhe ndriçimi. Kujtojmë që ndeshja e parë zyrtare pritet të zhvillohet më 13 gusht, Super Kupa e Kosovës, Drita – Prishtina. ....]]></description>
    <imageCredit><![CDATA[....]]></imageCredit>
    <sourceName><![CDATA[Top Channel]]></sourceName>
    <sourceImageURI>/news/media-logos/tch.png</sourceImageURI>
    <timeUpdated><![CDATA[07291212]]></timeUpdated>
    <videoTooltip><![CDATA[VIDEO - Pamje nga brenda stadiumit “Fadil Vokrri”]]></videoTooltip>
    <videoURI><![CDATA[https://www.youtube.com/watch?v=0yDAjV71bN0]]></videoURI>
  </news>
  <news sliderMobi="true" ioswidget="false">
    <articleURI><![CDATA[http://prive.al/ne-mes-te-koncertit-ledri-vules-vajzat-ia-hedhin-recipetat-ne-skene/]]></articleURI>
    <title><![CDATA[Në mes të koncertit, Ledri Vulës vajzat ia hedhin reçipetat në skenë]]></title>
    <imageURI>lediwuedc.jpg</imageURI>
    <description><![CDATA[Ledri Vula është ndër djemtë më të pëlqyer për vajzat. Ai edhe e ka epitetin e “zemërthyesit”. Reperi i famshëm ka me mijëra fanse vajza dhe gëzon popullaritet të madh në mesin e tyre. E për ta dëshmuar se ato çmenden pas tij, në një koncet mbrëmë në Prishtinë një vajzë i ka hedhur reçipetat në mes të skenës. Kurse Ledri me një buzëqeshje të madhe në fytyrë i merr dhe i lagon ato. ....]]></description>
    <imageCredit><![CDATA[....]]></imageCredit>
    <sourceName><![CDATA[Prive.al]]></sourceName>
    <sourceImageURI>/news/media-logos/prive.png</sourceImageURI>
    <timeUpdated><![CDATA[07291233]]></timeUpdated>
  </news>
  <news sliderMobi="true" ioswidget="false">
    <articleURI><![CDATA[http://pcworld.al/98873-2/]]></articleURI>
    <title><![CDATA[OnePlus 6: Një rival i iPhone X por me gjysmën e çmimit]]></title>
    <imageURI>oneplus6.jpg</imageURI>
    <description><![CDATA[OnePlus 6 i ri mbështetet në një formulë suksesi: një smartfon premium me lente të nivelit të lartë që kushton më pak se gjysma e çmimit të një iPhone X. Lançimi i OnePlus 5 dhe 5T i vitit të kaluar, OnePlus 6 duket si një zgjerim logjik i tendencës së dizenjimit për ekranet gjithnjë e më të mëdha të vendosura në të njëjtat përmasa. ....]]></description>
    <imageCredit><![CDATA[....]]></imageCredit>
    <sourceName><![CDATA[PCWorld Albanian]]></sourceName>
    <sourceImageURI>/news/media-logos/pcworld.png</sourceImageURI>
    <timeUpdated><![CDATA[07291310]]></timeUpdated>
  </news>
</newsList>
